<?xml version="1.0" encoding="UTF-8"?>
<!-- Generated by org.testng.reporters.JUnitXMLReporter -->
<testsuite ignored="0" hostname="mayura" failures="0" tests="2" name="Login UI Test" time="0.109" errors="0" timestamp="2025-09-17T19:31:09 IST">
  <testcase classname="com.eq.base.AutomationWrapper" name="@BeforeMethod setup" time="-1.758117669371E9">
    <failure type="org.testng.TestNGException" message="
Parameter &amp;apos;browser&amp;apos; is required by BeforeMethod on method setup but has not been marked @Optional or defined
in D:\Balaji\Company\Equiniti Sep 2025 Java\automation_workspace\EmployeeManagementAutomation\testng.xml">
      <![CDATA[org.testng.TestNGException: 
Parameter 'browser' is required by BeforeMethod on method setup but has not been marked @Optional or defined
in D:\Balaji\Company\Equiniti Sep 2025 Java\automation_workspace\EmployeeManagementAutomation\testng.xml
at java.base/java.util.ArrayList.forEach(ArrayList.java:1596)
... Removed 28 stack frames]]>
    </failure>
  </testcase> <!-- @BeforeMethod setup -->
  <testcase classname="com.eq.base.AutomationWrapper" name="@AfterMethod teardown" time="0.0">
    <skipped/>
  </testcase> <!-- @AfterMethod teardown -->
  <testcase classname="com.eq.base.AutomationWrapper" name="@BeforeMethod setup" time="0.0">
    <skipped/>
  </testcase> <!-- @BeforeMethod setup -->
  <testcase classname="com.eq.base.AutomationWrapper" name="@AfterMethod teardown" time="0.0">
    <skipped/>
  </testcase> <!-- @AfterMethod teardown -->
  <testcase classname="com.eq.test.LoginUITest" name="headerTest" time="0.001">
    <skipped/>
  </testcase> <!-- headerTest -->
  <testcase classname="com.eq.test.LoginUITest" name="titleTest" time="0.0">
    <skipped/>
  </testcase> <!-- titleTest -->
</testsuite> <!-- Login UI Test -->
